#
# There is insufficient memory for the Java Runtime Environment to continue.
# Native memory allocation (malloc) failed to allocate 1048576 bytes. Error detail: AllocateHeap
# Possible reasons:
#   The system is out of physical RAM or swap space
#   This process is running with CompressedOops enabled, and the Java Heap may be blocking the growth of the native heap
# Possible solutions:
#   Reduce memory load on the system
#   Increase physical memory or swap space
#   Check if swap backing store is full
#   Decrease Java heap size (-Xmx/-Xms)
#   Decrease number of Java threads
#   Decrease Java thread stack sizes (-Xss)
#   Set larger code cache with -XX:ReservedCodeCacheSize=
#   JVM is running with Unscaled Compressed Oops mode in which the Java heap is
#     placed in the first 4GB address space. The Java Heap base address is the
#     maximum limit for the native heap growth. Please use -XX:HeapBaseMinAddress
#     to set the Java Heap base and to place the Java Heap above 4GB virtual address.
# This output file may be truncated or incomplete.
#
#  Out of Memory Error (allocation.cpp:44), pid=21564, tid=30488
#
# JRE version: OpenJDK Runtime Environment Temurin-21.0.8+9 (21.0.8+9) (build 21.0.8+9-LTS)
# Java VM: OpenJDK 64-Bit Server VM Temurin-21.0.8+9 (21.0.8+9-LTS, mixed mode, sharing, tiered, compressed oops, compressed class ptrs, parallel gc, windows-amd64)
# No core dump will be written. Minidumps are not enabled by default on client versions of Windows
#

---------------  S U M M A R Y ------------

Command Line: --add-modules=ALL-SYSTEM --add-opens=java.base/java.util=ALL-UNNAMED --add-opens=java.base/java.lang=ALL-UNNAMED --add-opens=java.base/sun.nio.fs=ALL-UNNAMED -Declipse.application=org.eclipse.jdt.ls.core.id1 -Dosgi.bundles.defaultStartLevel=4 -Declipse.product=org.eclipse.jdt.ls.core.product -Djava.import.generatesMetadataFilesAtProjectRoot=false -DDetectVMInstallationsJob.disabled=true -Dfile.encoding=utf8 -XX:+UseParallelGC -XX:GCTimeRatio=4 -XX:AdaptiveSizePolicyWeight=90 -Dsun.zip.disableMemoryMapping=true -Xmx2G -Xms100m -Xlog:disable -javaagent:c:\Users\chair\.vscode\extensions\redhat.java-1.46.0-win32-x64\lombok\lombok-1.18.39-4050.jar -XX:+HeapDumpOnOutOfMemoryError -XX:HeapDumpPath=c:\Users\chair\AppData\Roaming\Code\User\workspaceStorage\354df7fe16d366fd8c8546e22be7ee90\redhat.java -Daether.dependencyCollector.impl=bf c:\Users\chair\.vscode\extensions\redhat.java-1.46.0-win32-x64\server\plugins\org.eclipse.equinox.launcher_1.7.0.v20250519-0528.jar -configuration c:\Users\chair\AppData\Roaming\Code\User\globalStorage\redhat.java\1.46.0\config_win -data c:\Users\chair\AppData\Roaming\Code\User\workspaceStorage\354df7fe16d366fd8c8546e22be7ee90\redhat.java\jdt_ws --pipe=\\.\pipe\lsp-ac8157e7ca8c5224cb4c5a4f9deb87c3-sock

Host: AMD Ryzen 3 5300U with Radeon Graphics         , 8 cores, 5G,  Windows 11 , 64 bit Build 26100 (10.0.26100.5074)
Time: Wed Oct  8 01:05:39 2025 SE Asia Standard Time elapsed time: 4011.460064 seconds (0d 1h 6m 51s)

---------------  T H R E A D  ---------------

Current thread (0x000001f3e450da50):  JavaThread "Attach Listener" daemon [_thread_in_vm, id=30488, stack(0x0000000aadd00000,0x0000000aade00000) (1024K)]

Stack: [0x0000000aadd00000,0x0000000aade00000]
Native frames: (J=compiled Java code, j=interpreted, Vv=VM code, C=native code)
V  [jvm.dll+0x6d2449]
V  [jvm.dll+0x8ae341]
V  [jvm.dll+0x8b08be]
V  [jvm.dll+0x8b0fa3]
V  [jvm.dll+0x280c96]
V  [jvm.dll+0xc0347]
V  [jvm.dll+0x6d2cf9]
V  [jvm.dll+0x131116]
V  [jvm.dll+0x3f2d16]
V  [jvm.dll+0x857e6b]
V  [jvm.dll+0x6d0b0d]
C  [ucrtbase.dll+0x37b0]
C  [KERNEL32.DLL+0x2e8d7]
C  [ntdll.dll+0x8d9c]


---------------  P R O C E S S  ---------------

Threads class SMR info:
_java_thread_list=0x000001f3ef2578f0, length=39, elements={
0x000001f3cdaa0ab0, 0x000001f3e4503250, 0x000001f3e4505d90, 0x000001f3e450aff0,
0x000001f3e450da50, 0x000001f3e4510be0, 0x000001f3e4518c90, 0x000001f3ea008090,
0x000001f3e45254f0, 0x000001f3ea0cb080, 0x000001f3ea329170, 0x000001f3eaad8da0,
0x000001f3ea70ab30, 0x000001f3ea1ca6b0, 0x000001f3eaa57ab0, 0x000001f3eae5f790,
0x000001f3eb2ad820, 0x000001f3eae2e350, 0x000001f3eae2cfa0, 0x000001f3eae2f700,
0x000001f3edc974f0, 0x000001f3edc96140, 0x000001f3edc967d0, 0x000001f3edc96e60,
0x000001f3edc97b80, 0x000001f3edc95ab0, 0x000001f3edc98210, 0x000001f3edc94d90,
0x000001f3edc988a0, 0x000001f3edc95420, 0x000001f3edc9b000, 0x000001f3edc995c0,
0x000001f3eec8af40, 0x000001f3edc9b690, 0x000001f3eae2dcc0, 0x000001f3edb2eff0,
0x000001f3ec58f3a0, 0x000001f3eae2f070, 0x000001f3ec58ed10
}

Java Threads: ( => current thread )
  0x000001f3cdaa0ab0 JavaThread "main"                              [_thread_blocked, id=21964, stack(0x0000000aad600000,0x0000000aad700000) (1024K)]
  0x000001f3e4503250 JavaThread "Reference Handler"          daemon [_thread_blocked, id=10548, stack(0x0000000aada00000,0x0000000aadb00000) (1024K)]
  0x000001f3e4505d90 JavaThread "Finalizer"                  daemon [_thread_blocked, id=12512, stack(0x0000000aadb00000,0x0000000aadc00000) (1024K)]
  0x000001f3e450aff0 JavaThread "Signal Dispatcher"          daemon [_thread_blocked, id=29428, stack(0x0000000aadc00000,0x0000000aadd00000) (1024K)]
=>0x000001f3e450da50 JavaThread "Attach Listener"            daemon [_thread_in_vm, id=30488, stack(0x0000000aadd00000,0x0000000aade00000) (1024K)]
  0x000001f3e4510be0 JavaThread "Service Thread"             daemon [_thread_blocked, id=14536, stack(0x0000000aade00000,0x0000000aadf00000) (1024K)]
  0x000001f3e4518c90 JavaThread "Monitor Deflation Thread"   daemon [_thread_blocked, id=4580, stack(0x0000000aadf00000,0x0000000aae000000) (1024K)]
  0x000001f3ea008090 JavaThread "C2 CompilerThread0"         daemon [_thread_blocked, id=21384, stack(0x0000000aae000000,0x0000000aae100000) (1024K)]
  0x000001f3e45254f0 JavaThread "C1 CompilerThread0"         daemon [_thread_blocked, id=20576, stack(0x0000000aae100000,0x0000000aae200000) (1024K)]
  0x000001f3ea0cb080 JavaThread "Common-Cleaner"             daemon [_thread_blocked, id=23736, stack(0x0000000aae200000,0x0000000aae300000) (1024K)]
  0x000001f3ea329170 JavaThread "Notification Thread"        daemon [_thread_blocked, id=27196, stack(0x0000000aae300000,0x0000000aae400000) (1024K)]
  0x000001f3eaad8da0 JavaThread "Active Thread: Equinox Container: 4d9bb99d-3c2b-4972-95e7-c1eda5a5f513"        [_thread_blocked, id=11348, stack(0x0000000aaeb00000,0x0000000aaec00000) (1024K)]
  0x000001f3ea70ab30 JavaThread "Refresh Thread: Equinox Container: 4d9bb99d-3c2b-4972-95e7-c1eda5a5f513" daemon [_thread_blocked, id=25708, stack(0x0000000aaec00000,0x0000000aaed00000) (1024K)]
  0x000001f3ea1ca6b0 JavaThread "Framework Event Dispatcher: Equinox Container: 4d9bb99d-3c2b-4972-95e7-c1eda5a5f513" daemon [_thread_blocked, id=31128, stack(0x0000000aaed00000,0x0000000aaee00000) (1024K)]
  0x000001f3eaa57ab0 JavaThread "Start Level: Equinox Container: 4d9bb99d-3c2b-4972-95e7-c1eda5a5f513" daemon [_thread_blocked, id=6712, stack(0x0000000aaee00000,0x0000000aaef00000) (1024K)]
  0x000001f3eae5f790 JavaThread "Bundle File Closer"         daemon [_thread_blocked, id=30432, stack(0x0000000aaf000000,0x0000000aaf100000) (1024K)]
  0x000001f3eb2ad820 JavaThread "SCR Component Actor"        daemon [_thread_blocked, id=23488, stack(0x0000000aaef00000,0x0000000aaf000000) (1024K)]
  0x000001f3eae2e350 JavaThread "Worker-JM"                         [_thread_blocked, id=17616, stack(0x0000000aaf200000,0x0000000aaf300000) (1024K)]
  0x000001f3eae2cfa0 JavaThread "JNA Cleaner"                daemon [_thread_blocked, id=26188, stack(0x0000000aaf100000,0x0000000aaf200000) (1024K)]
  0x000001f3eae2f700 JavaThread "Java indexing"              daemon [_thread_blocked, id=22860, stack(0x0000000aaf800000,0x0000000aaf900000) (1024K)]
  0x000001f3edc974f0 JavaThread "Thread-1"                   daemon [_thread_in_native, id=26156, stack(0x0000000aafc00000,0x0000000aafd00000) (1024K)]
  0x000001f3edc96140 JavaThread "Thread-2"                   daemon [_thread_in_native, id=26096, stack(0x0000000aafd00000,0x0000000aafe00000) (1024K)]
  0x000001f3edc967d0 JavaThread "Thread-3"                   daemon [_thread_in_native, id=24992, stack(0x0000000aafe00000,0x0000000aaff00000) (1024K)]
  0x000001f3edc96e60 JavaThread "Thread-4"                   daemon [_thread_in_native, id=26020, stack(0x0000000aaff00000,0x0000000ab0000000) (1024K)]
  0x000001f3edc97b80 JavaThread "Thread-5"                   daemon [_thread_in_native, id=4432, stack(0x0000000ab0000000,0x0000000ab0100000) (1024K)]
  0x000001f3edc95ab0 JavaThread "Thread-6"                   daemon [_thread_in_native, id=30324, stack(0x0000000ab0100000,0x0000000ab0200000) (1024K)]
  0x000001f3edc98210 JavaThread "Thread-7"                   daemon [_thread_in_native, id=14876, stack(0x0000000ab0200000,0x0000000ab0300000) (1024K)]
  0x000001f3edc94d90 JavaThread "Thread-8"                   daemon [_thread_in_native, id=24412, stack(0x0000000ab0300000,0x0000000ab0400000) (1024K)]
  0x000001f3edc988a0 JavaThread "Thread-9"                   daemon [_thread_in_native, id=2172, stack(0x0000000ab0400000,0x0000000ab0500000) (1024K)]
  0x000001f3edc95420 JavaThread "pool-2-thread-1"                   [_thread_blocked, id=29216, stack(0x0000000ab0500000,0x0000000ab0600000) (1024K)]
  0x000001f3edc9b000 JavaThread "WorkspaceEventsHandler"            [_thread_blocked, id=26780, stack(0x0000000ab0700000,0x0000000ab0800000) (1024K)]
  0x000001f3edc995c0 JavaThread "pool-1-thread-1"                   [_thread_blocked, id=25672, stack(0x0000000ab0800000,0x0000000ab0900000) (1024K)]
  0x000001f3eec8af40 JavaThread "Cleaner-0"                  daemon [_thread_blocked, id=6048, stack(0x0000000ab2700000,0x0000000ab2800000) (1024K)]
  0x000001f3edc9b690 JavaThread "ForkJoinPool.commonPool-worker-13" daemon [_thread_blocked, id=27864, stack(0x0000000ab0a00000,0x0000000ab0b00000) (1024K)]
  0x000001f3eae2dcc0 JavaThread "ForkJoinPool.commonPool-worker-15" daemon [_thread_blocked, id=11760, stack(0x0000000aaf700000,0x0000000aaf800000) (1024K)]
  0x000001f3edb2eff0 JavaThread "Worker-15"                         [_thread_blocked, id=16332, stack(0x0000000aaf600000,0x0000000aaf700000) (1024K)]
  0x000001f3ec58f3a0 JavaThread "Worker-18"                         [_thread_blocked, id=5556, stack(0x0000000aaf500000,0x0000000aaf600000) (1024K)]
  0x000001f3eae2f070 JavaThread "Worker-19"                         [_thread_blocked, id=12824, stack(0x0000000aad300000,0x0000000aad400000) (1024K)]
  0x000001f3ec58ed10 JavaThread "ForkJoinPool.commonPool-worker-18" daemon [_thread_blocked, id=9100, stack(0x0000000aad400000,0x0000000aad500000) (1024K)]
Total: 39

Other Threads:
  0x000001f3e44f3550 VMThread "VM Thread"                           [id=27688, stack(0x0000000aad900000,0x0000000aada00000) (1024K)] _threads_hazard_ptr=0x000001f3ef2578f0
  0x000001f3e440ca00 WatcherThread "VM Periodic Task Thread"        [id=30164, stack(0x0000000aad800000,0x0000000aad900000) (1024K)]
  0x000001f3cdac2a50 WorkerThread "GC Thread#0"                     [id=27304, stack(0x0000000aad700000,0x0000000aad800000) (1024K)]
  0x000001f3ea623360 WorkerThread "GC Thread#1"                     [id=16312, stack(0x0000000aae400000,0x0000000aae500000) (1024K)]
  0x000001f3ea623700 WorkerThread "GC Thread#2"                     [id=4044, stack(0x0000000aae500000,0x0000000aae600000) (1024K)]
  0x000001f3ea605640 WorkerThread "GC Thread#3"                     [id=22156, stack(0x0000000aae600000,0x0000000aae700000) (1024K)]
  0x000001f3ea6059e0 WorkerThread "GC Thread#4"                     [id=24588, stack(0x0000000aae700000,0x0000000aae800000) (1024K)]
  0x000001f3ea605d80 WorkerThread "GC Thread#5"                     [id=12936, stack(0x0000000aae800000,0x0000000aae900000) (1024K)]
  0x000001f3ea606120 WorkerThread "GC Thread#6"                     [id=25380, stack(0x0000000aae900000,0x0000000aaea00000) (1024K)]
  0x000001f3ea91c650 WorkerThread "GC Thread#7"                     [id=25172, stack(0x0000000aaea00000,0x0000000aaeb00000) (1024K)]
Total: 10

Threads with active compile tasks:
Total: 0

VM state: synchronizing (normal execution)

VM Mutex/Monitor currently owned by a thread:  ([mutex/lock_event])
[0x00007ffa69a65458] Threads_lock - owner thread: 0x000001f3e44f3550
[0x00007ffa69a65558] Heap_lock - owner thread: 0x000001f3edc9b690

Heap address: 0x0000000080000000, size: 2048 MB, Compressed Oops mode: 32-bit

CDS archive(s) mapped at: [0x000001f380000000-0x000001f380ba0000-0x000001f380ba0000), size 12189696, SharedBaseAddress: 0x000001f380000000, ArchiveRelocationMode: 1.
Compressed class space mapped at: 0x000001f381000000-0x000001f3c1000000, reserved size: 1073741824
Narrow klass base: 0x000001f380000000, Narrow klass shift: 0, Narrow klass range: 0x100000000

GC Precious Log:
 CardTable entry size: 512
 CPUs: 8 total, 8 available
 Memory: 6005M
 Large Page Support: Disabled
 NUMA Support: Disabled
 Compressed Oops: Enabled (32-bit)
 Alignments: Space 512K, Generation 512K, Heap 2M
 Heap Min Capacity: 100M
 Heap Initial Capacity: 100M
 Heap Max Capacity: 2G
 Pre-touch: Disabled
 Parallel Workers: 8

Heap:
 PSYoungGen      total 4608K, used 4608K [0x00000000d5580000, 0x00000000d5b00000, 0x0000000100000000)
  eden space 4096K, 100% used [0x00000000d5580000,0x00000000d5980000,0x00000000d5980000)
  from space 512K, 100% used [0x00000000d5a00000,0x00000000d5a80000,0x00000000d5a80000)
  to   space 512K, 0% used [0x00000000d5a80000,0x00000000d5a80000,0x00000000d5b00000)
 ParOldGen       total 1165824K, used 1165393K [0x0000000080000000, 0x00000000c7280000, 0x00000000d5580000)
  object space 1165824K, 99% used [0x0000000080000000,0x00000000c7214430,0x00000000c7280000)
 Metaspace       used 87813K, committed 89984K, reserved 1179648K
  class space    used 8774K, committed 9728K, reserved 1048576K

Card table byte_map: [0x000001f3cd450000,0x000001f3cd860000] _byte_map_base: 0x000001f3cd050000

Marking Bits: (ParMarkBitMap*) 0x00007ffa69a6a340
 Begin Bits: [0x000001f3dff30000, 0x000001f3e1f30000)
 End Bits:   [0x000001f3e1f30000, 0x000001f3e3f30000)

Polling page: 0x000001f3cbc90000

Metaspace:

Usage:
  Non-class:     77.19 MB used.
      Class:      8.57 MB used.
       Both:     85.76 MB used.

Virtual space:
  Non-class space:      128.00 MB reserved,      78.38 MB ( 61%) committed,  2 nodes.
      Class space:        1.00 GB reserved,       9.50 MB ( <1%) committed,  1 nodes.
             Both:        1.12 GB reserved,      87.88 MB (  8%) committed. 

Chunk freelists:
   Non-Class:  1.74 MB
       Class:  6.74 MB
        Both:  8.48 MB

MaxMetaspaceSize: unlimited
CompressedClassSpaceSize: 1.00 GB
Initial GC threshold: 21.00 MB
Current GC threshold: 146.50 MB
CDS: on
 - commit_granule_bytes: 65536.
 - commit_granule_words: 8192.
 - virtual_space_node_default_size: 8388608.
 - enlarge_chunks_in_place: 1.
 - use_allocation_guard: 0.


Internal statistics:

num_allocs_failed_limit: 9.
num_arena_births: 1752.
num_arena_deaths: 460.
num_vsnodes_births: 3.
num_vsnodes_deaths: 0.
num_space_committed: 1406.
num_space_uncommitted: 0.
num_chunks_returned_to_freelist: 552.
num_chunks_taken_from_freelist: 6279.
num_chunk_merges: 149.
num_chunk_splits: 3616.
num_chunks_enlarged: 1771.
num_inconsistent_stats: 0.

CodeHeap 'non-profiled nmethods': size=120000Kb used=22415Kb max_used=24944Kb free=97584Kb
 bounds [0x000001f3d8750000, 0x000001f3d9fb0000, 0x000001f3dfc80000]
CodeHeap 'profiled nmethods': size=120000Kb used=38614Kb max_used=51727Kb free=81385Kb
 bounds [0x000001f3d0c80000, 0x000001f3d3f10000, 0x000001f3d81b0000]
CodeHeap 'non-nmethods': size=5760Kb used=1527Kb max_used=1582Kb free=4232Kb
 bounds [0x000001f3d81b0000, 0x000001f3d8420000, 0x000001f3d8750000]
CodeCache: size=245760Kb, used=62556Kb, max_used=78253Kb, free=183201Kb
 total_blobs=18527, nmethods=17684, adapters=741, full_count=0
Compilation: enabled, stopped_count=0, restarted_count=0

Compilation events (20 events):
Event: 3971.760 Thread 0x000001f3ea008090 25837       4       java.util.GregorianCalendar::computeFields (1567 bytes)
Event: 3971.783 Thread 0x000001f3ea008090 nmethod 25837 0x000001f3d933ae90 code [0x000001f3d933b120, 0x000001f3d933c6b0]
Event: 3972.464 Thread 0x000001f3ea008090 25838       4       org.eclipse.jdt.ls.core.internal.handlers.BaseDocumentLifeCycleHandler$2::getProblemRequestor (5 bytes)
Event: 3972.465 Thread 0x000001f3ea008090 nmethod 25838 0x000001f3d883be90 code [0x000001f3d883c020, 0x000001f3d883c0b0]
Event: 3973.197 Thread 0x000001f3ea008090 25839       4       org.eclipse.jdt.internal.compiler.ast.Statement::findConstructorBinding (20 bytes)
Event: 3973.203 Thread 0x000001f3ea008090 nmethod 25839 0x000001f3d87b5110 code [0x000001f3d87b52e0, 0x000001f3d87b5528]
Event: 3985.531 Thread 0x000001f3ea008090 25840       4       org.eclipse.jdt.core.dom.CompilationUnit::setLineEndTable (22 bytes)
Event: 3985.534 Thread 0x000001f3ea008090 nmethod 25840 0x000001f3d94f0d10 code [0x000001f3d94f0ea0, 0x000001f3d94f0fe8]
Event: 3986.253 Thread 0x000001f3ea008090 25841       4       org.eclipse.jdt.core.dom.AST::modificationCount (8 bytes)
Event: 3986.254 Thread 0x000001f3ea008090 nmethod 25841 0x000001f3d885ac90 code [0x000001f3d885ae20, 0x000001f3d885aec0]
Event: 3987.831 Thread 0x000001f3ea008090 25842  s    4       org.eclipse.core.internal.jobs.WorkerPool::decrementBusyThreads (38 bytes)
Event: 3987.832 Thread 0x000001f3ea008090 nmethod 25842 0x000001f3d96edb10 code [0x000001f3d96edca0, 0x000001f3d96ede98]
Event: 3993.941 Thread 0x000001f3ea008090 25843       4       java.lang.invoke.LambdaForm$MH/0x000001f38188d800::invoke (63 bytes)
Event: 3993.943 Thread 0x000001f3ea008090 nmethod 25843 0x000001f3d87c5710 code [0x000001f3d87c58a0, 0x000001f3d87c5998]
Event: 3994.035 Thread 0x000001f3ea008090 25844       4       org.eclipse.core.internal.jobs.Worker::setNormPriority (14 bytes)
Event: 3994.036 Thread 0x000001f3ea008090 nmethod 25844 0x000001f3d8866d10 code [0x000001f3d8866ea0, 0x000001f3d8866f60]
Event: 4001.787 Thread 0x000001f3ea008090 25845       4       org.eclipse.core.internal.jobs.JobManager$$Lambda/0x000001f38120c490::apply (20 bytes)
Event: 4001.820 Thread 0x000001f3ea008090 nmethod 25845 0x000001f3d948ae90 code [0x000001f3d948b100, 0x000001f3d948c288]
Event: 4001.820 Thread 0x000001f3ea008090 25846       4       org.eclipse.core.internal.jobs.JobListeners::queueRunning (17 bytes)
Event: 4001.823 Thread 0x000001f3ea008090 nmethod 25846 0x000001f3d87d1790 code [0x000001f3d87d1940, 0x000001f3d87d1c80]

GC Heap History (20 events):
Event: 4005.809 GC heap before
{Heap before GC invocations=9949 (full 6):
 PSYoungGen      total 4096K, used 4096K [0x00000000d5580000, 0x00000000d5c00000, 0x0000000100000000)
  eden space 3584K, 100% used [0x00000000d5580000,0x00000000d5900000,0x00000000d5900000)
  from space 512K, 100% used [0x00000000d5980000,0x00000000d5a00000,0x00000000d5a00000)
  to   space 1536K, 0% used [0x00000000d5a80000,0x00000000d5a80000,0x00000000d5c00000)
 ParOldGen       total 1163264K, used 1162918K [0x0000000080000000, 0x00000000c7000000, 0x00000000d5580000)
  object space 1163264K, 99% used [0x0000000080000000,0x00000000c6fa9a88,0x00000000c7000000)
 Metaspace       used 87813K, committed 89984K, reserved 1179648K
  class space    used 8774K, committed 9728K, reserved 1048576K
}
Event: 4005.811 GC heap after
{Heap after GC invocations=9949 (full 6):
 PSYoungGen      total 5632K, used 576K [0x00000000d5580000, 0x00000000d5c00000, 0x0000000100000000)
  eden space 4096K, 0% used [0x00000000d5580000,0x00000000d5580000,0x00000000d5980000)
  from space 1536K, 37% used [0x00000000d5a80000,0x00000000d5b10000,0x00000000d5c00000)
  to   space 1024K, 0% used [0x00000000d5980000,0x00000000d5980000,0x00000000d5a80000)
 ParOldGen       total 1163264K, used 1163126K [0x0000000080000000, 0x00000000c7000000, 0x00000000d5580000)
  object space 1163264K, 99% used [0x0000000080000000,0x00000000c6fdda88,0x00000000c7000000)
 Metaspace       used 87813K, committed 89984K, reserved 1179648K
  class space    used 8774K, committed 9728K, reserved 1048576K
}
Event: 4005.920 GC heap before
{Heap before GC invocations=9950 (full 6):
 PSYoungGen      total 5632K, used 4672K [0x00000000d5580000, 0x00000000d5c00000, 0x0000000100000000)
  eden space 4096K, 100% used [0x00000000d5580000,0x00000000d5980000,0x00000000d5980000)
  from space 1536K, 37% used [0x00000000d5a80000,0x00000000d5b10000,0x00000000d5c00000)
  to   space 1024K, 0% used [0x00000000d5980000,0x00000000d5980000,0x00000000d5a80000)
 ParOldGen       total 1163264K, used 1163126K [0x0000000080000000, 0x00000000c7000000, 0x00000000d5580000)
  object space 1163264K, 99% used [0x0000000080000000,0x00000000c6fdda88,0x00000000c7000000)
 Metaspace       used 87813K, committed 89984K, reserved 1179648K
  class space    used 8774K, committed 9728K, reserved 1048576K
}
Event: 4005.923 GC heap after
{Heap after GC invocations=9950 (full 6):
 PSYoungGen      total 5120K, used 416K [0x00000000d5580000, 0x00000000d5b00000, 0x0000000100000000)
  eden space 4096K, 0% used [0x00000000d5580000,0x00000000d5580000,0x00000000d5980000)
  from space 1024K, 40% used [0x00000000d5980000,0x00000000d59e8000,0x00000000d5a80000)
  to   space 512K, 0% used [0x00000000d5a80000,0x00000000d5a80000,0x00000000d5b00000)
 ParOldGen       total 1163264K, used 1163134K [0x0000000080000000, 0x00000000c7000000, 0x00000000d5580000)
  object space 1163264K, 99% used [0x0000000080000000,0x00000000c6fdfa88,0x00000000c7000000)
 Metaspace       used 87813K, committed 89984K, reserved 1179648K
  class space    used 8774K, committed 9728K, reserved 1048576K
}
Event: 4006.529 GC heap before
{Heap before GC invocations=9951 (full 6):
 PSYoungGen      total 5120K, used 4512K [0x00000000d5580000, 0x00000000d5b00000, 0x0000000100000000)
  eden space 4096K, 100% used [0x00000000d5580000,0x00000000d5980000,0x00000000d5980000)
  from space 1024K, 40% used [0x00000000d5980000,0x00000000d59e8000,0x00000000d5a80000)
  to   space 512K, 0% used [0x00000000d5a80000,0x00000000d5a80000,0x00000000d5b00000)
 ParOldGen       total 1163264K, used 1163134K [0x0000000080000000, 0x00000000c7000000, 0x00000000d5580000)
  object space 1163264K, 99% used [0x0000000080000000,0x00000000c6fdfa88,0x00000000c7000000)
 Metaspace       used 87813K, committed 89984K, reserved 1179648K
  class space    used 8774K, committed 9728K, reserved 1048576K
}
Event: 4006.532 GC heap after
{Heap after GC invocations=9951 (full 6):
 PSYoungGen      total 4608K, used 416K [0x00000000d5580000, 0x00000000d5b00000, 0x0000000100000000)
  eden space 4096K, 0% used [0x00000000d5580000,0x00000000d5580000,0x00000000d5980000)
  from space 512K, 81% used [0x00000000d5a80000,0x00000000d5ae8000,0x00000000d5b00000)
  to   space 512K, 0% used [0x00000000d5a00000,0x00000000d5a00000,0x00000000d5a80000)
 ParOldGen       total 1163264K, used 1163134K [0x0000000080000000, 0x00000000c7000000, 0x00000000d5580000)
  object space 1163264K, 99% used [0x0000000080000000,0x00000000c6fdfa88,0x00000000c7000000)
 Metaspace       used 87813K, committed 89984K, reserved 1179648K
  class space    used 8774K, committed 9728K, reserved 1048576K
}
Event: 4006.537 GC heap before
{Heap before GC invocations=9952 (full 6):
 PSYoungGen      total 4608K, used 4512K [0x00000000d5580000, 0x00000000d5b00000, 0x0000000100000000)
  eden space 4096K, 100% used [0x00000000d5580000,0x00000000d5980000,0x00000000d5980000)
  from space 512K, 81% used [0x00000000d5a80000,0x00000000d5ae8000,0x00000000d5b00000)
  to   space 512K, 0% used [0x00000000d5a00000,0x00000000d5a00000,0x00000000d5a80000)
 ParOldGen       total 1163264K, used 1163134K [0x0000000080000000, 0x00000000c7000000, 0x00000000d5580000)
  object space 1163264K, 99% used [0x0000000080000000,0x00000000c6fdfa88,0x00000000c7000000)
 Metaspace       used 87813K, committed 89984K, reserved 1179648K
  class space    used 8774K, committed 9728K, reserved 1048576K
}
Event: 4006.540 GC heap after
{Heap after GC invocations=9952 (full 6):
 PSYoungGen      total 4608K, used 496K [0x00000000d5580000, 0x00000000d5c80000, 0x0000000100000000)
  eden space 4096K, 0% used [0x00000000d5580000,0x00000000d5580000,0x00000000d5980000)
  from space 512K, 96% used [0x00000000d5a00000,0x00000000d5a7c010,0x00000000d5a80000)
  to   space 1536K, 0% used [0x00000000d5b00000,0x00000000d5b00000,0x00000000d5c80000)
 ParOldGen       total 1164288K, used 1163816K [0x0000000080000000, 0x00000000c7100000, 0x00000000d5580000)
  object space 1164288K, 99% used [0x0000000080000000,0x00000000c708a310,0x00000000c7100000)
 Metaspace       used 87813K, committed 89984K, reserved 1179648K
  class space    used 8774K, committed 9728K, reserved 1048576K
}
Event: 4006.665 GC heap before
{Heap before GC invocations=9953 (full 6):
 PSYoungGen      total 4608K, used 4592K [0x00000000d5580000, 0x00000000d5c80000, 0x0000000100000000)
  eden space 4096K, 100% used [0x00000000d5580000,0x00000000d5980000,0x00000000d5980000)
  from space 512K, 96% used [0x00000000d5a00000,0x00000000d5a7c010,0x00000000d5a80000)
  to   space 1536K, 0% used [0x00000000d5b00000,0x00000000d5b00000,0x00000000d5c80000)
 ParOldGen       total 1164288K, used 1163816K [0x0000000080000000, 0x00000000c7100000, 0x00000000d5580000)
  object space 1164288K, 99% used [0x0000000080000000,0x00000000c708a310,0x00000000c7100000)
 Metaspace       used 87813K, committed 89984K, reserved 1179648K
  class space    used 8774K, committed 9728K, reserved 1048576K
}
Event: 4006.668 GC heap after
{Heap after GC invocations=9953 (full 6):
 PSYoungGen      total 4608K, used 320K [0x00000000d5580000, 0x00000000d5b80000, 0x0000000100000000)
  eden space 4096K, 0% used [0x00000000d5580000,0x00000000d5580000,0x00000000d5980000)
  from space 512K, 62% used [0x00000000d5b00000,0x00000000d5b50000,0x00000000d5b80000)
  to   space 1024K, 0% used [0x00000000d5980000,0x00000000d5980000,0x00000000d5a80000)
 ParOldGen       total 1164800K, used 1164338K [0x0000000080000000, 0x00000000c7180000, 0x00000000d5580000)
  object space 1164800K, 99% used [0x0000000080000000,0x00000000c710cb78,0x00000000c7180000)
 Metaspace       used 87813K, committed 89984K, reserved 1179648K
  class space    used 8774K, committed 9728K, reserved 1048576K
}
Event: 4006.677 GC heap before
{Heap before GC invocations=9954 (full 6):
 PSYoungGen      total 4608K, used 4416K [0x00000000d5580000, 0x00000000d5b80000, 0x0000000100000000)
  eden space 4096K, 100% used [0x00000000d5580000,0x00000000d5980000,0x00000000d5980000)
  from space 512K, 62% used [0x00000000d5b00000,0x00000000d5b50000,0x00000000d5b80000)
  to   space 1024K, 0% used [0x00000000d5980000,0x00000000d5980000,0x00000000d5a80000)
 ParOldGen       total 1164800K, used 1164338K [0x0000000080000000, 0x00000000c7180000, 0x00000000d5580000)
  object space 1164800K, 99% used [0x0000000080000000,0x00000000c710cb78,0x00000000c7180000)
 Metaspace       used 87813K, committed 89984K, reserved 1179648K
  class space    used 8774K, committed 9728K, reserved 1048576K
}
Event: 4006.680 GC heap after
{Heap after GC invocations=9954 (full 6):
 PSYoungGen      total 5120K, used 576K [0x00000000d5580000, 0x00000000d5b80000, 0x0000000100000000)
  eden space 4096K, 0% used [0x00000000d5580000,0x00000000d5580000,0x00000000d5980000)
  from space 1024K, 56% used [0x00000000d5980000,0x00000000d5a10000,0x00000000d5a80000)
  to   space 1024K, 0% used [0x00000000d5a80000,0x00000000d5a80000,0x00000000d5b80000)
 ParOldGen       total 1164800K, used 1164490K [0x0000000080000000, 0x00000000c7180000, 0x00000000d5580000)
  object space 1164800K, 99% used [0x0000000080000000,0x00000000c7132b78,0x00000000c7180000)
 Metaspace       used 87813K, committed 89984K, reserved 1179648K
  class space    used 8774K, committed 9728K, reserved 1048576K
}
Event: 4007.260 GC heap before
{Heap before GC invocations=9955 (full 6):
 PSYoungGen      total 5120K, used 4672K [0x00000000d5580000, 0x00000000d5b80000, 0x0000000100000000)
  eden space 4096K, 100% used [0x00000000d5580000,0x00000000d5980000,0x00000000d5980000)
  from space 1024K, 56% used [0x00000000d5980000,0x00000000d5a10000,0x00000000d5a80000)
  to   space 1024K, 0% used [0x00000000d5a80000,0x00000000d5a80000,0x00000000d5b80000)
 ParOldGen       total 1164800K, used 1164490K [0x0000000080000000, 0x00000000c7180000, 0x00000000d5580000)
  object space 1164800K, 99% used [0x0000000080000000,0x00000000c7132b78,0x00000000c7180000)
 Metaspace       used 87813K, committed 89984K, reserved 1179648K
  class space    used 8774K, committed 9728K, reserved 1048576K
}
Event: 4007.262 GC heap after
{Heap after GC invocations=9955 (full 6):
 PSYoungGen      total 5120K, used 544K [0x00000000d5580000, 0x00000000d5b80000, 0x0000000100000000)
  eden space 4096K, 0% used [0x00000000d5580000,0x00000000d5580000,0x00000000d5980000)
  from space 1024K, 53% used [0x00000000d5a80000,0x00000000d5b08000,0x00000000d5b80000)
  to   space 1024K, 0% used [0x00000000d5980000,0x00000000d5980000,0x00000000d5a80000)
 ParOldGen       total 1164800K, used 1164490K [0x0000000080000000, 0x00000000c7180000, 0x00000000d5580000)
  object space 1164800K, 99% used [0x0000000080000000,0x00000000c7132b78,0x00000000c7180000)
 Metaspace       used 87813K, committed 89984K, reserved 1179648K
  class space    used 8774K, committed 9728K, reserved 1048576K
}
Event: 4007.268 GC heap before
{Heap before GC invocations=9956 (full 6):
 PSYoungGen      total 5120K, used 4640K [0x00000000d5580000, 0x00000000d5b80000, 0x0000000100000000)
  eden space 4096K, 100% used [0x00000000d5580000,0x00000000d5980000,0x00000000d5980000)
  from space 1024K, 53% used [0x00000000d5a80000,0x00000000d5b08000,0x00000000d5b80000)
  to   space 1024K, 0% used [0x00000000d5980000,0x00000000d5980000,0x00000000d5a80000)
 ParOldGen       total 1164800K, used 1164490K [0x0000000080000000, 0x00000000c7180000, 0x00000000d5580000)
  object space 1164800K, 99% used [0x0000000080000000,0x00000000c7132b78,0x00000000c7180000)
 Metaspace       used 87813K, committed 89984K, reserved 1179648K
  class space    used 8774K, committed 9728K, reserved 1048576K
}
Event: 4007.271 GC heap after
{Heap after GC invocations=9956 (full 6):
 PSYoungGen      total 5120K, used 512K [0x00000000d5580000, 0x00000000d5b80000, 0x0000000100000000)
  eden space 4096K, 0% used [0x00000000d5580000,0x00000000d5580000,0x00000000d5980000)
  from space 1024K, 50% used [0x00000000d5980000,0x00000000d5a00000,0x00000000d5a80000)
  to   space 1024K, 0% used [0x00000000d5a80000,0x00000000d5a80000,0x00000000d5b80000)
 ParOldGen       total 1165312K, used 1164933K [0x0000000080000000, 0x00000000c7200000, 0x00000000d5580000)
  object space 1165312K, 99% used [0x0000000080000000,0x00000000c71a1400,0x00000000c7200000)
 Metaspace       used 87813K, committed 89984K, reserved 1179648K
  class space    used 8774K, committed 9728K, reserved 1048576K
}
Event: 4007.407 GC heap before
{Heap before GC invocations=9957 (full 6):
 PSYoungGen      total 5120K, used 4608K [0x00000000d5580000, 0x00000000d5b80000, 0x0000000100000000)
  eden space 4096K, 100% used [0x00000000d5580000,0x00000000d5980000,0x00000000d5980000)
  from space 1024K, 50% used [0x00000000d5980000,0x00000000d5a00000,0x00000000d5a80000)
  to   space 1024K, 0% used [0x00000000d5a80000,0x00000000d5a80000,0x00000000d5b80000)
 ParOldGen       total 1165312K, used 1164933K [0x0000000080000000, 0x00000000c7200000, 0x00000000d5580000)
  object space 1165312K, 99% used [0x0000000080000000,0x00000000c71a1400,0x00000000c7200000)
 Metaspace       used 87813K, committed 89984K, reserved 1179648K
  class space    used 8774K, committed 9728K, reserved 1048576K
}
Event: 4007.410 GC heap after
{Heap after GC invocations=9957 (full 6):
 PSYoungGen      total 4608K, used 432K [0x00000000d5580000, 0x00000000d5b00000, 0x0000000100000000)
  eden space 4096K, 0% used [0x00000000d5580000,0x00000000d5580000,0x00000000d5980000)
  from space 512K, 84% used [0x00000000d5a80000,0x00000000d5aec010,0x00000000d5b00000)
  to   space 512K, 0% used [0x00000000d5a00000,0x00000000d5a00000,0x00000000d5a80000)
 ParOldGen       total 1165312K, used 1165281K [0x0000000080000000, 0x00000000c7200000, 0x00000000d5580000)
  object space 1165312K, 99% used [0x0000000080000000,0x00000000c71f8410,0x00000000c7200000)
 Metaspace       used 87813K, committed 89984K, reserved 1179648K
  class space    used 8774K, committed 9728K, reserved 1048576K
}
Event: 4007.416 GC heap before
{Heap before GC invocations=9958 (full 6):
 PSYoungGen      total 4608K, used 4527K [0x00000000d5580000, 0x00000000d5b00000, 0x0000000100000000)
  eden space 4096K, 99% used [0x00000000d5580000,0x00000000d597ffe0,0x00000000d5980000)
  from space 512K, 84% used [0x00000000d5a80000,0x00000000d5aec010,0x00000000d5b00000)
  to   space 512K, 0% used [0x00000000d5a00000,0x00000000d5a00000,0x00000000d5a80000)
 ParOldGen       total 1165312K, used 1165281K [0x0000000080000000, 0x00000000c7200000, 0x00000000d5580000)
  object space 1165312K, 99% used [0x0000000080000000,0x00000000c71f8410,0x00000000c7200000)
 Metaspace       used 87813K, committed 89984K, reserved 1179648K
  class space    used 8774K, committed 9728K, reserved 1048576K
}
Event: 4010.441 GC heap after
{Heap after GC invocations=9958 (full 6):
 PSYoungGen      total 4608K, used 512K [0x00000000d5580000, 0x00000000d5b00000, 0x0000000100000000)
  eden space 4096K, 0% used [0x00000000d5580000,0x00000000d5580000,0x00000000d5980000)
  from space 512K, 100% used [0x00000000d5a00000,0x00000000d5a80000,0x00000000d5a80000)
  to   space 512K, 0% used [0x00000000d5a80000,0x00000000d5a80000,0x00000000d5b00000)
 ParOldGen       total 1165824K, used 1165393K [0x0000000080000000, 0x00000000c7280000, 0x00000000d5580000)
  object space 1165824K, 99% used [0x0000000080000000,0x00000000c7214430,0x00000000c7280000)
 Metaspace       used 87813K, committed 89984K, reserved 1179648K
  class space    used 8774K, committed 9728K, reserved 1048576K
}

Dll operation events (12 events):
Event: 0.096 Loaded shared library c:\Users\chair\.vscode\extensions\redhat.java-1.46.0-win32-x64\jre\21.0.8-win32-x86_64\bin\java.dll
Event: 0.235 Loaded shared library c:\Users\chair\.vscode\extensions\redhat.java-1.46.0-win32-x64\jre\21.0.8-win32-x86_64\bin\zip.dll
Event: 0.279 Loaded shared library C:\Users\chair\.vscode\extensions\redhat.java-1.46.0-win32-x64\jre\21.0.8-win32-x86_64\bin\instrument.dll
Event: 0.290 Loaded shared library C:\Users\chair\.vscode\extensions\redhat.java-1.46.0-win32-x64\jre\21.0.8-win32-x86_64\bin\net.dll
Event: 0.300 Loaded shared library C:\Users\chair\.vscode\extensions\redhat.java-1.46.0-win32-x64\jre\21.0.8-win32-x86_64\bin\nio.dll
Event: 0.305 Loaded shared library C:\Users\chair\.vscode\extensions\redhat.java-1.46.0-win32-x64\jre\21.0.8-win32-x86_64\bin\zip.dll
Event: 0.351 Loaded shared library C:\Users\chair\.vscode\extensions\redhat.java-1.46.0-win32-x64\jre\21.0.8-win32-x86_64\bin\jimage.dll
Event: 0.528 Loaded shared library c:\Users\chair\.vscode\extensions\redhat.java-1.46.0-win32-x64\jre\21.0.8-win32-x86_64\bin\verify.dll
Event: 16.645 Loaded shared library C:\Users\chair\AppData\Roaming\Code\User\globalStorage\redhat.java\1.46.0\config_win\org.eclipse.equinox.launcher\org.eclipse.equinox.launcher.win32.win32.x86_64_1.2.1400.v20250801-0854\eclipse_11916.dll
Event: 29.448 Loaded shared library C:\Users\chair\AppData\Local\Temp\jna-94623429\jna12117490377861025851.dll
Event: 31.922 Loaded shared library C:\Users\chair\.vscode\extensions\redhat.java-1.46.0-win32-x64\jre\21.0.8-win32-x86_64\bin\sunmscapi.dll
Event: 32.143 Loaded shared library C:\Users\chair\.vscode\extensions\redhat.java-1.46.0-win32-x64\jre\21.0.8-win32-x86_64\bin\extnet.dll

Deoptimization events (20 events):
Event: 3591.718 Thread 0x000001f3edb2eff0 DEOPT PACKING pc=0x000001f3d9f921dc sp=0x0000000aaf6fe6f0
Event: 3591.718 Thread 0x000001f3edb2eff0 DEOPT UNPACKING pc=0x000001f3d8203aa2 sp=0x0000000aaf6fe680 mode 2
Event: 3591.737 Thread 0x000001f3edb2eff0 Uncommon trap: trap_request=0xffffff45 fr.pc=0x000001f3d9cc2f28 relative=0x0000000000001128
Event: 3591.737 Thread 0x000001f3edb2eff0 Uncommon trap: reason=unstable_if action=reinterpret pc=0x000001f3d9cc2f28 method=sun.util.calendar.BaseCalendar$Date.hit(J)Z @ 15 c2
Event: 3591.737 Thread 0x000001f3edb2eff0 DEOPT PACKING pc=0x000001f3d9cc2f28 sp=0x0000000aaf6fe4c0
Event: 3591.738 Thread 0x000001f3edb2eff0 DEOPT UNPACKING pc=0x000001f3d8203aa2 sp=0x0000000aaf6fe268 mode 2
Event: 3621.524 Thread 0x000001f3edb2eff0 Uncommon trap: trap_request=0xffffffdc fr.pc=0x000001f3d8ce6450 relative=0x0000000000000190
Event: 3621.524 Thread 0x000001f3edb2eff0 Uncommon trap: reason=class_check action=make_not_entrant pc=0x000001f3d8ce6450 method=java.util.ImmutableCollections$ListN.toArray([Ljava/lang/Object;)[Ljava/lang/Object; @ 21 c2
Event: 3621.524 Thread 0x000001f3edb2eff0 DEOPT PACKING pc=0x000001f3d8ce6450 sp=0x0000000aaf6fe430
Event: 3621.524 Thread 0x000001f3edb2eff0 DEOPT UNPACKING pc=0x000001f3d8203aa2 sp=0x0000000aaf6fe3d8 mode 2
Event: 3662.770 Thread 0x000001f3edb2eff0 Uncommon trap: trap_request=0xffffffcc fr.pc=0x000001f3d94a0d3c relative=0x0000000000001e9c
Event: 3662.770 Thread 0x000001f3edb2eff0 Uncommon trap: reason=intrinsic_or_type_checked_inlining action=make_not_entrant pc=0x000001f3d94a0d3c method=org.eclipse.jdt.internal.core.CompilationUnit.getImports()[Lorg/eclipse/jdt/core/IImportDeclaration; @ 66 c2
Event: 3662.770 Thread 0x000001f3edb2eff0 DEOPT PACKING pc=0x000001f3d94a0d3c sp=0x0000000aaf6fde60
Event: 3662.770 Thread 0x000001f3edb2eff0 DEOPT UNPACKING pc=0x000001f3d8203aa2 sp=0x0000000aaf6fdd90 mode 2
Event: 3760.037 Thread 0x000001f3eae2f070 DEOPT PACKING pc=0x000001f3d3a42b97 sp=0x0000000aad3fe080
Event: 3760.037 Thread 0x000001f3eae2f070 DEOPT UNPACKING pc=0x000001f3d8204242 sp=0x0000000aad3fd5d0 mode 0
Event: 3929.765 Thread 0x000001f3edb2eff0 Uncommon trap: trap_request=0xffffff45 fr.pc=0x000001f3d9df97d8 relative=0x0000000000000c58
Event: 3929.766 Thread 0x000001f3edb2eff0 Uncommon trap: reason=unstable_if action=reinterpret pc=0x000001f3d9df97d8 method=org.eclipse.core.internal.jobs.WorkerPool.startJob(Lorg/eclipse/core/internal/jobs/Worker;)Lorg/eclipse/core/internal/jobs/InternalJob; @ 304 c2
Event: 3929.766 Thread 0x000001f3edb2eff0 DEOPT PACKING pc=0x000001f3d9df97d8 sp=0x0000000aaf6ff220
Event: 3929.767 Thread 0x000001f3edb2eff0 DEOPT UNPACKING pc=0x000001f3d8203aa2 sp=0x0000000aaf6ff200 mode 2

Classes loaded (20 events):
Event: 330.632 Loading class java/util/stream/Nodes$AbstractConcNode done
Event: 330.632 Loading class java/util/stream/Nodes$ConcNode done
Event: 330.650 Loading class java/util/stream/Nodes$ToArrayTask$OfRef
Event: 330.651 Loading class java/util/stream/Nodes$ToArrayTask
Event: 330.651 Loading class java/util/stream/Nodes$ToArrayTask done
Event: 330.651 Loading class java/util/stream/Nodes$ToArrayTask$OfRef done
Event: 330.655 Loading class java/io/ObjectOutputStream$BlockDataOutputStream
Event: 330.656 Loading class java/io/ObjectOutputStream$BlockDataOutputStream done
Event: 330.656 Loading class java/io/ObjectOutputStream$HandleTable
Event: 330.657 Loading class java/io/ObjectOutputStream$HandleTable done
Event: 330.657 Loading class java/io/ObjectOutputStream$ReplaceTable
Event: 330.657 Loading class java/io/ObjectOutputStream$ReplaceTable done
Event: 515.852 Loading class java/lang/StringLatin1$CharsSpliterator
Event: 515.858 Loading class java/lang/StringLatin1$CharsSpliterator done
Event: 1173.355 Loading class java/util/stream/ReferencePipeline$15
Event: 1173.358 Loading class java/util/stream/ReferencePipeline$15 done
Event: 1173.369 Loading class java/util/stream/ReferencePipeline$15$1
Event: 1173.370 Loading class java/util/stream/ReferencePipeline$15$1 done
Event: 1889.219 Loading class java/nio/channels/CompletionHandler
Event: 1889.220 Loading class java/nio/channels/CompletionHandler done

Classes unloaded (20 events):
Event: 3327.228 Thread 0x000001f3e44f3550 Unloading class 0x000001f381016400 'java/lang/invoke/LambdaForm$MH+0x000001f381016400'
Event: 3327.228 Thread 0x000001f3e44f3550 Unloading class 0x000001f38100d800 'java/lang/invoke/LambdaForm$MH+0x000001f38100d800'
Event: 3327.229 Thread 0x000001f3e44f3550 Unloading class 0x000001f38100d400 'java/lang/invoke/LambdaForm$MH+0x000001f38100d400'
Event: 3327.229 Thread 0x000001f3e44f3550 Unloading class 0x000001f38100d000 'java/lang/invoke/LambdaForm$MH+0x000001f38100d000'
Event: 3327.229 Thread 0x000001f3e44f3550 Unloading class 0x000001f38100cc00 'java/lang/invoke/LambdaForm$MH+0x000001f38100cc00'
Event: 3327.229 Thread 0x000001f3e44f3550 Unloading class 0x000001f38100c800 'java/lang/invoke/LambdaForm$BMH+0x000001f38100c800'
Event: 3327.229 Thread 0x000001f3e44f3550 Unloading class 0x000001f38100c000 'java/lang/invoke/LambdaForm$DMH+0x000001f38100c000'
Event: 3327.229 Thread 0x000001f3e44f3550 Unloading class 0x000001f381008c00 'java/lang/invoke/LambdaForm$MH+0x000001f381008c00'
Event: 3327.229 Thread 0x000001f3e44f3550 Unloading class 0x000001f381008800 'java/lang/invoke/LambdaForm$MH+0x000001f381008800'
Event: 3327.229 Thread 0x000001f3e44f3550 Unloading class 0x000001f381008400 'java/lang/invoke/LambdaForm$MH+0x000001f381008400'
Event: 3327.229 Thread 0x000001f3e44f3550 Unloading class 0x000001f381007000 'java/lang/invoke/LambdaForm$MH+0x000001f381007000'
Event: 3327.229 Thread 0x000001f3e44f3550 Unloading class 0x000001f381006800 'java/lang/invoke/LambdaForm$MH+0x000001f381006800'
Event: 3327.229 Thread 0x000001f3e44f3550 Unloading class 0x000001f381006400 'java/lang/invoke/LambdaForm$MH+0x000001f381006400'
Event: 3327.229 Thread 0x000001f3e44f3550 Unloading class 0x000001f381006000 'java/lang/invoke/LambdaForm$MH+0x000001f381006000'
Event: 3327.229 Thread 0x000001f3e44f3550 Unloading class 0x000001f381005c00 'java/lang/invoke/LambdaForm$BMH+0x000001f381005c00'
Event: 3327.229 Thread 0x000001f3e44f3550 Unloading class 0x000001f381004800 'java/lang/invoke/LambdaForm$DMH+0x000001f381004800'
Event: 3327.229 Thread 0x000001f3e44f3550 Unloading class 0x000001f381002800 'java/lang/invoke/LambdaForm$MH+0x000001f381002800'
Event: 3327.229 Thread 0x000001f3e44f3550 Unloading class 0x000001f381002400 'java/lang/invoke/LambdaForm$MH+0x000001f381002400'
Event: 3327.229 Thread 0x000001f3e44f3550 Unloading class 0x000001f381002000 'java/lang/invoke/LambdaForm$MH+0x000001f381002000'
Event: 3327.229 Thread 0x000001f3e44f3550 Unloading class 0x000001f381001800 'java/lang/invoke/LambdaForm$MH+0x000001f381001800'

Classes redefined (0 events):
No events

Internal exceptions (20 events):
Event: 2276.414 Thread 0x000001f3ec58b890 Exception <a 'java/lang/ClassNotFoundException'{0x00000000d5b6ffd8}: sun/net/www/protocol/jdt/Handler> (0x00000000d5b6ffd8) 
thrown [s\src\hotspot\share\classfile\systemDictionary.cpp, line 312]
Event: 2276.414 Thread 0x000001f3ec58b890 Exception <a 'java/lang/ClassNotFoundException'{0x00000000d5b72948}: sun/net/www/protocol/jdt/Handler> (0x00000000d5b72948) 
thrown [s\src\hotspot\share\classfile\systemDictionary.cpp, line 312]
Event: 2278.728 Thread 0x000001f3edc995c0 Exception <a 'java/lang/IncompatibleClassChangeError'{0x00000000d5b15d60}: Found class java.lang.Object, but interface was expected> (0x00000000d5b15d60) 
thrown [s\src\hotspot\share\interpreter\linkResolver.cpp, line 840]
Event: 2278.787 Thread 0x000001f3ec58b890 Implicit null exception at 0x000001f3d9aa32e0 to 0x000001f3d9aa3d6f
Event: 2279.774 Thread 0x000001f3eae2f700 Exception <a 'sun/nio/fs/WindowsException'{0x00000000d5ad2500}> (0x00000000d5ad2500) 
thrown [s\src\hotspot\share\prims\jni.cpp, line 520]
Event: 2280.061 Thread 0x000001f3eae2f700 Exception <a 'sun/nio/fs/WindowsException'{0x00000000d5667000}> (0x00000000d5667000) 
thrown [s\src\hotspot\share\prims\jni.cpp, line 520]
Event: 2282.230 Thread 0x000001f3eae2f700 Exception <a 'sun/nio/fs/WindowsException'{0x00000000d5615bf0}> (0x00000000d5615bf0) 
thrown [s\src\hotspot\share\prims\jni.cpp, line 520]
Event: 2282.548 Thread 0x000001f3eae2f700 Exception <a 'sun/nio/fs/WindowsException'{0x00000000d5a0f140}> (0x00000000d5a0f140) 
thrown [s\src\hotspot\share\prims\jni.cpp, line 520]
Event: 2284.095 Thread 0x000001f3eae2f700 Exception <a 'sun/nio/fs/WindowsException'{0x00000000d5721c60}> (0x00000000d5721c60) 
thrown [s\src\hotspot\share\prims\jni.cpp, line 520]
Event: 2284.451 Thread 0x000001f3eae2f700 Exception <a 'sun/nio/fs/WindowsException'{0x00000000d55e1818}> (0x00000000d55e1818) 
thrown [s\src\hotspot\share\prims\jni.cpp, line 520]
Event: 2303.192 Thread 0x000001f3ec58b890 Exception <a 'java/lang/ClassNotFoundException'{0x00000000d5626cf0}: sun/net/www/protocol/jdt/Handler> (0x00000000d5626cf0) 
thrown [s\src\hotspot\share\classfile\systemDictionary.cpp, line 312]
Event: 2303.192 Thread 0x000001f3ec58b890 Exception <a 'java/lang/ClassNotFoundException'{0x00000000d5629660}: sun/net/www/protocol/jdt/Handler> (0x00000000d5629660) 
thrown [s\src\hotspot\share\classfile\systemDictionary.cpp, line 312]
Event: 2304.654 Thread 0x000001f3eae2f700 Exception <a 'sun/nio/fs/WindowsException'{0x00000000d559b1e8}> (0x00000000d559b1e8) 
thrown [s\src\hotspot\share\prims\jni.cpp, line 520]
Event: 2304.746 Thread 0x000001f3eae2f700 Exception <a 'sun/nio/fs/WindowsException'{0x00000000d56ef030}> (0x00000000d56ef030) 
thrown [s\src\hotspot\share\prims\jni.cpp, line 520]
Event: 2306.740 Thread 0x000001f3eae2f700 Exception <a 'sun/nio/fs/WindowsException'{0x00000000d5589898}> (0x00000000d5589898) 
thrown [s\src\hotspot\share\prims\jni.cpp, line 520]
Event: 2306.831 Thread 0x000001f3eae2f700 Exception <a 'sun/nio/fs/WindowsException'{0x00000000d56355d0}> (0x00000000d56355d0) 
thrown [s\src\hotspot\share\prims\jni.cpp, line 520]
Event: 2308.281 Thread 0x000001f3eae2f700 Exception <a 'sun/nio/fs/WindowsException'{0x00000000d558ee58}> (0x00000000d558ee58) 
thrown [s\src\hotspot\share\prims\jni.cpp, line 520]
Event: 2308.367 Thread 0x000001f3eae2f700 Exception <a 'sun/nio/fs/WindowsException'{0x00000000d57ab0a0}> (0x00000000d57ab0a0) 
thrown [s\src\hotspot\share\prims\jni.cpp, line 520]
Event: 2579.801 Thread 0x000001f3ec58fa30 Exception <a 'sun/nio/fs/WindowsException'{0x00000000d55f5378}> (0x00000000d55f5378) 
thrown [s\src\hotspot\share\prims\jni.cpp, line 520]
Event: 2579.803 Thread 0x000001f3ec58fa30 Exception <a 'sun/nio/fs/WindowsException'{0x00000000d563e800}> (0x00000000d563e800) 
thrown [s\src\hotspot\share\prims\jni.cpp, line 520]

ZGC Phase Switch (0 events):
No events

VM Operations (20 events):
Event: 4005.809 Executing VM operation: ParallelGCFailedAllocation (Allocation Failure)
Event: 4005.811 Executing VM operation: ParallelGCFailedAllocation (Allocation Failure) done
Event: 4005.920 Executing VM operation: ParallelGCFailedAllocation (Allocation Failure)
Event: 4005.923 Executing VM operation: ParallelGCFailedAllocation (Allocation Failure) done
Event: 4006.529 Executing VM operation: ParallelGCFailedAllocation (Allocation Failure)
Event: 4006.532 Executing VM operation: ParallelGCFailedAllocation (Allocation Failure) done
Event: 4006.537 Executing VM operation: ParallelGCFailedAllocation (Allocation Failure)
Event: 4006.540 Executing VM operation: ParallelGCFailedAllocation (Allocation Failure) done
Event: 4006.665 Executing VM operation: ParallelGCFailedAllocation (Allocation Failure)
Event: 4006.668 Executing VM operation: ParallelGCFailedAllocation (Allocation Failure) done
Event: 4006.677 Executing VM operation: ParallelGCFailedAllocation (Allocation Failure)
Event: 4006.680 Executing VM operation: ParallelGCFailedAllocation (Allocation Failure) done
Event: 4007.260 Executing VM operation: ParallelGCFailedAllocation (Allocation Failure)
Event: 4007.262 Executing VM operation: ParallelGCFailedAllocation (Allocation Failure) done
Event: 4007.268 Executing VM operation: ParallelGCFailedAllocation (Allocation Failure)
Event: 4007.271 Executing VM operation: ParallelGCFailedAllocation (Allocation Failure) done
Event: 4007.407 Executing VM operation: ParallelGCFailedAllocation (Allocation Failure)
Event: 4007.410 Executing VM operation: ParallelGCFailedAllocation (Allocation Failure) done
Event: 4007.416 Executing VM operation: ParallelGCFailedAllocation (Allocation Failure)
Event: 4010.441 Executing VM operation: ParallelGCFailedAllocation (Allocation Failure) done

Memory protections (0 events):
No events

Nmethod flushes (20 events):
Event: 3328.098 Thread 0x000001f3e44f3550 flushing  nmethod 0x000001f3d3c1ac10
Event: 3328.099 Thread 0x000001f3e44f3550 flushing  nmethod 0x000001f3d3c23710
Event: 3328.099 Thread 0x000001f3e44f3550 flushing  nmethod 0x000001f3d3c24790
Event: 3328.099 Thread 0x000001f3e44f3550 flushing  nmethod 0x000001f3d3c36010
Event: 3328.099 Thread 0x000001f3e44f3550 flushing  nmethod 0x000001f3d3c43990
Event: 3328.099 Thread 0x000001f3e44f3550 flushing  nmethod 0x000001f3d3c4a490
Event: 3328.099 Thread 0x000001f3e44f3550 flushing  nmethod 0x000001f3d3c4e790
Event: 3328.099 Thread 0x000001f3e44f3550 flushing  nmethod 0x000001f3d3c8cd10
Event: 3328.099 Thread 0x000001f3e44f3550 flushing  nmethod 0x000001f3d3c98d90
Event: 3328.099 Thread 0x000001f3e44f3550 flushing  nmethod 0x000001f3d3c9be10
Event: 3328.099 Thread 0x000001f3e44f3550 flushing  nmethod 0x000001f3d3ca1490
Event: 3328.099 Thread 0x000001f3e44f3550 flushing  nmethod 0x000001f3d3cb9310
Event: 3328.099 Thread 0x000001f3e44f3550 flushing  nmethod 0x000001f3d3cd6a10
Event: 3328.099 Thread 0x000001f3e44f3550 flushing  nmethod 0x000001f3d3ce2990
Event: 3328.099 Thread 0x000001f3e44f3550 flushing  nmethod 0x000001f3d3cf4690
Event: 3328.099 Thread 0x000001f3e44f3550 flushing  nmethod 0x000001f3d3d04590
Event: 3328.099 Thread 0x000001f3e44f3550 flushing  nmethod 0x000001f3d3d07b90
Event: 3328.099 Thread 0x000001f3e44f3550 flushing  nmethod 0x000001f3d3d67290
Event: 3328.099 Thread 0x000001f3e44f3550 flushing  nmethod 0x000001f3d3e67810
Event: 3328.099 Thread 0x000001f3e44f3550 flushing osr nmethod 0x000001f3d3ef3990

Events (20 events):
Event: 2572.547 Thread 0x000001f3ec5897c0 Thread added: 0x000001f3ec58f3a0
Event: 2579.784 Thread 0x000001f3ec58fa30 Thread added: 0x000001f3ec5900c0
Event: 2579.786 Thread 0x000001f3ec5900c0 Thread exited: 0x000001f3ec5900c0
Event: 2579.807 Thread 0x000001f3ec58fa30 Thread added: 0x000001f3ec5900c0
Event: 2579.807 Thread 0x000001f3ec5900c0 Thread added: 0x000001f3eae2fd90
Event: 2579.808 Thread 0x000001f3ec5900c0 Thread exited: 0x000001f3ec5900c0
Event: 2579.808 Thread 0x000001f3eae2fd90 Thread exited: 0x000001f3eae2fd90
Event: 2579.906 Thread 0x000001f3edb2e960 Thread exited: 0x000001f3edb2e960
Event: 2582.276 Thread 0x000001f3ec58ed10 Thread exited: 0x000001f3ec58ed10
Event: 2583.926 Thread 0x000001f3eae2f070 Thread exited: 0x000001f3eae2f070
Event: 2604.741 Thread 0x000001f3edb2cf20 Thread exited: 0x000001f3edb2cf20
Event: 2606.842 Thread 0x000001f3eae2c910 Thread exited: 0x000001f3eae2c910
Event: 2608.378 Thread 0x000001f3edb2f680 Thread exited: 0x000001f3edb2f680
Event: 2637.820 Thread 0x000001f3eec887e0 Thread exited: 0x000001f3eec887e0
Event: 2754.117 Thread 0x000001f3ec58b890 Thread exited: 0x000001f3ec58b890
Event: 2768.904 Thread 0x000001f3ec58fa30 Thread exited: 0x000001f3ec58fa30
Event: 2833.242 Thread 0x000001f3ec5897c0 Thread added: 0x000001f3eae2f070
Event: 2945.620 Thread 0x000001f3ec5897c0 Thread exited: 0x000001f3ec5897c0
Event: 2945.697 Thread 0x000001f3ec589e50 Thread exited: 0x000001f3ec589e50
Event: 3328.694 Thread 0x000001f3edc995c0 Thread added: 0x000001f3ec58ed10


Dynamic libraries:
0x00007ff626050000 - 0x00007ff62605e000 	c:\Users\chair\.vscode\extensions\redhat.java-1.46.0-win32-x64\jre\21.0.8-win32-x86_64\bin\java.exe
0x00007ffafa400000 - 0x00007ffafa669000 	C:\WINDOWS\SYSTEM32\ntdll.dll
0x00007ffaf8610000 - 0x00007ffaf86d9000 	C:\WINDOWS\System32\KERNEL32.DLL
0x00007ffaf7590000 - 0x00007ffaf7983000 	C:\WINDOWS\System32\KERNELBASE.dll
0x00007ffaf41a0000 - 0x00007ffaf423e000 	C:\WINDOWS\SYSTEM32\apphelp.dll
0x00007ffaf7eb0000 - 0x00007ffaf7ffb000 	C:\WINDOWS\System32\ucrtbase.dll
0x00007ffaeb170000 - 0x00007ffaeb188000 	c:\Users\chair\.vscode\extensions\redhat.java-1.46.0-win32-x64\jre\21.0.8-win32-x86_64\bin\jli.dll
0x00007ffaead60000 - 0x00007ffaead7e000 	c:\Users\chair\.vscode\extensions\redhat.java-1.46.0-win32-x64\jre\21.0.8-win32-x86_64\bin\VCRUNTIME140.dll
0x00007ffaf8440000 - 0x00007ffaf8604000 	C:\WINDOWS\System32\USER32.dll
0x00007ffaf7df0000 - 0x00007ffaf7e17000 	C:\WINDOWS\System32\win32u.dll
0x00007ffad8b20000 - 0x00007ffad8db3000 	C:\WINDOWS\WinSxS\amd64_microsoft.windows.common-controls_6595b64144ccf1df_6.0.26100.5074_none_3e0d6f78e32fd63f\COMCTL32.dll
0x00007ffafa270000 - 0x00007ffafa29b000 	C:\WINDOWS\System32\GDI32.dll
0x00007ffaf8c10000 - 0x00007ffaf8cb9000 	C:\WINDOWS\System32\msvcrt.dll
0x00007ffaf8000000 - 0x00007ffaf812d000 	C:\WINDOWS\System32\gdi32full.dll
0x00007ffaf7d40000 - 0x00007ffaf7de3000 	C:\WINDOWS\System32\msvcp_win.dll
0x00007ffaf9100000 - 0x00007ffaf912f000 	C:\WINDOWS\System32\IMM32.DLL
0x00007ffaeb130000 - 0x00007ffaeb13c000 	c:\Users\chair\.vscode\extensions\redhat.java-1.46.0-win32-x64\jre\21.0.8-win32-x86_64\bin\vcruntime140_1.dll
0x00007ffacb590000 - 0x00007ffacb61d000 	c:\Users\chair\.vscode\extensions\redhat.java-1.46.0-win32-x64\jre\21.0.8-win32-x86_64\bin\msvcp140.dll
0x00007ffa68db0000 - 0x00007ffa69b47000 	c:\Users\chair\.vscode\extensions\redhat.java-1.46.0-win32-x64\jre\21.0.8-win32-x86_64\bin\server\jvm.dll
0x00007ffaf82d0000 - 0x00007ffaf8384000 	C:\WINDOWS\System32\ADVAPI32.dll
0x00007ffaf8a60000 - 0x00007ffaf8b06000 	C:\WINDOWS\System32\sechost.dll
0x00007ffaf9760000 - 0x00007ffaf9878000 	C:\WINDOWS\System32\RPCRT4.dll
0x00007ffaf81d0000 - 0x00007ffaf8244000 	C:\WINDOWS\System32\WS2_32.dll
0x00007ffaf73f0000 - 0x00007ffaf744e000 	C:\WINDOWS\SYSTEM32\POWRPROF.dll
0x00007ffaeed20000 - 0x00007ffaeed55000 	C:\WINDOWS\SYSTEM32\WINMM.dll
0x00007ffaefaa0000 - 0x00007ffaefaab000 	C:\WINDOWS\SYSTEM32\VERSION.dll
0x00007ffaf73d0000 - 0x00007ffaf73e4000 	C:\WINDOWS\SYSTEM32\UMPDC.dll
0x00007ffaf6370000 - 0x00007ffaf638b000 	C:\WINDOWS\SYSTEM32\kernel.appcore.dll
0x00007ffae9670000 - 0x00007ffae967a000 	c:\Users\chair\.vscode\extensions\redhat.java-1.46.0-win32-x64\jre\21.0.8-win32-x86_64\bin\jimage.dll
0x00007ffaf4e20000 - 0x00007ffaf5062000 	C:\WINDOWS\SYSTEM32\DBGHELP.DLL
0x00007ffaf86e0000 - 0x00007ffaf8a5b000 	C:\WINDOWS\System32\combase.dll
0x00007ffaf8cc0000 - 0x00007ffaf8d97000 	C:\WINDOWS\System32\OLEAUT32.dll
0x00007ffad8ae0000 - 0x00007ffad8b1d000 	C:\WINDOWS\SYSTEM32\dbgcore.DLL
0x00007ffaf8130000 - 0x00007ffaf81c9000 	C:\WINDOWS\System32\bcryptPrimitives.dll
0x00007ffaf2180000 - 0x00007ffaf218f000 	c:\Users\chair\.vscode\extensions\redhat.java-1.46.0-win32-x64\jre\21.0.8-win32-x86_64\bin\instrument.dll
0x00007ffadfde0000 - 0x00007ffadfdff000 	c:\Users\chair\.vscode\extensions\redhat.java-1.46.0-win32-x64\jre\21.0.8-win32-x86_64\bin\java.dll
0x00007ffaf9880000 - 0x00007ffaf9fcd000 	C:\WINDOWS\System32\SHELL32.dll
0x00007ffaf7a50000 - 0x00007ffaf7bbc000 	C:\WINDOWS\System32\wintypes.dll
0x00007ffaf5230000 - 0x00007ffaf5a89000 	C:\WINDOWS\SYSTEM32\windows.storage.dll
0x00007ffaf8b10000 - 0x00007ffaf8c00000 	C:\WINDOWS\System32\SHCORE.dll
0x00007ffafa2c0000 - 0x00007ffafa322000 	C:\WINDOWS\System32\shlwapi.dll
0x00007ffaf74b0000 - 0x00007ffaf74d9000 	C:\WINDOWS\SYSTEM32\profapi.dll
0x00007ffade080000 - 0x00007ffade098000 	c:\Users\chair\.vscode\extensions\redhat.java-1.46.0-win32-x64\jre\21.0.8-win32-x86_64\bin\zip.dll
0x00007ffaeafd0000 - 0x00007ffaeafe0000 	C:\Users\chair\.vscode\extensions\redhat.java-1.46.0-win32-x64\jre\21.0.8-win32-x86_64\bin\net.dll
0x00007ffaef5e0000 - 0x00007ffaef6ff000 	C:\WINDOWS\SYSTEM32\WINHTTP.dll
0x00007ffaf68f0000 - 0x00007ffaf695b000 	C:\WINDOWS\system32\mswsock.dll
0x00007ffae90f0000 - 0x00007ffae9106000 	C:\Users\chair\.vscode\extensions\redhat.java-1.46.0-win32-x64\jre\21.0.8-win32-x86_64\bin\nio.dll
0x00007ffae90e0000 - 0x00007ffae90f0000 	c:\Users\chair\.vscode\extensions\redhat.java-1.46.0-win32-x64\jre\21.0.8-win32-x86_64\bin\verify.dll
0x00007ffad55e0000 - 0x00007ffad5624000 	C:\Users\chair\AppData\Roaming\Code\User\globalStorage\redhat.java\1.46.0\config_win\org.eclipse.equinox.launcher\org.eclipse.equinox.launcher.win32.win32.x86_64_1.2.1400.v20250801-0854\eclipse_11916.dll
0x00007ffaf8f60000 - 0x00007ffaf90f8000 	C:\WINDOWS\System32\ole32.dll
0x00007ffaf6b90000 - 0x00007ffaf6bab000 	C:\WINDOWS\SYSTEM32\CRYPTSP.dll
0x00007ffaf62d0000 - 0x00007ffaf630b000 	C:\WINDOWS\system32\rsaenh.dll
0x00007ffaf6990000 - 0x00007ffaf69bb000 	C:\WINDOWS\SYSTEM32\USERENV.dll
0x00007ffaf7480000 - 0x00007ffaf74a6000 	C:\WINDOWS\SYSTEM32\bcrypt.dll
0x00007ffaf6bb0000 - 0x00007ffaf6bbc000 	C:\WINDOWS\SYSTEM32\CRYPTBASE.dll
0x00007ffaf5d90000 - 0x00007ffaf5dc4000 	C:\WINDOWS\SYSTEM32\IPHLPAPI.DLL
0x00007ffaf9730000 - 0x00007ffaf973a000 	C:\WINDOWS\System32\NSI.dll
0x00007ffacc220000 - 0x00007ffacc269000 	C:\Users\chair\AppData\Local\Temp\jna-94623429\jna12117490377861025851.dll
0x00007ffafa2a0000 - 0x00007ffafa2a8000 	C:\WINDOWS\System32\PSAPI.DLL
0x00007ffaefb10000 - 0x00007ffaefb2e000 	C:\WINDOWS\SYSTEM32\dhcpcsvc6.DLL
0x00007ffaefae0000 - 0x00007ffaefb03000 	C:\WINDOWS\SYSTEM32\dhcpcsvc.DLL
0x00007ffae4ed0000 - 0x00007ffae4ede000 	C:\Users\chair\.vscode\extensions\redhat.java-1.46.0-win32-x64\jre\21.0.8-win32-x86_64\bin\sunmscapi.dll
0x00007ffaf7bc0000 - 0x00007ffaf7d37000 	C:\WINDOWS\System32\CRYPT32.dll
0x00007ffaf6db0000 - 0x00007ffaf6de0000 	C:\WINDOWS\SYSTEM32\ncrypt.dll
0x00007ffaf6d60000 - 0x00007ffaf6d9f000 	C:\WINDOWS\SYSTEM32\NTASN1.dll
0x00007ffaf5e80000 - 0x00007ffaf5fa6000 	C:\WINDOWS\SYSTEM32\DNSAPI.dll
0x00007ffaf0fb0000 - 0x00007ffaf0fbb000 	C:\Windows\System32\rasadhlp.dll
0x00007ffae2860000 - 0x00007ffae28e6000 	C:\WINDOWS\System32\fwpuclnt.dll
0x00007ffae4c60000 - 0x00007ffae4c69000 	C:\Users\chair\.vscode\extensions\redhat.java-1.46.0-win32-x64\jre\21.0.8-win32-x86_64\bin\extnet.dll
0x00007ffaf6490000 - 0x00007ffaf64c6000 	C:\WINDOWS\SYSTEM32\ntmarta.dll

JVMTI agents:
c:\Users\chair\.vscode\extensions\redhat.java-1.46.0-win32-x64\lombok\lombok-1.18.39-4050.jar path:c:\Users\chair\.vscode\extensions\redhat.java-1.46.0-win32-x64\jre\21.0.8-win32-x86_64\bin\instrument.dll, loaded, initialized, instrumentlib options:none

dbghelp: loaded successfully - version: 4.0.5 - missing functions: none
symbol engine: initialized successfully - sym options: 0x614 - pdb path: .;c:\Users\chair\.vscode\extensions\redhat.java-1.46.0-win32-x64\jre\21.0.8-win32-x86_64\bin;C:\WINDOWS\SYSTEM32;C:\WINDOWS\WinSxS\amd64_microsoft.windows.common-controls_6595b64144ccf1df_6.0.26100.5074_none_3e0d6f78e32fd63f;c:\Users\chair\.vscode\extensions\redhat.java-1.46.0-win32-x64\jre\21.0.8-win32-x86_64\bin\server;C:\Users\chair\AppData\Roaming\Code\User\globalStorage\redhat.java\1.46.0\config_win\org.eclipse.equinox.launcher\org.eclipse.equinox.launcher.win32.win32.x86_64_1.2.1400.v20250801-0854;C:\Users\chair\AppData\Local\Temp\jna-94623429

VM Arguments:
jvm_args: --add-modules=ALL-SYSTEM --add-opens=java.base/java.util=ALL-UNNAMED --add-opens=java.base/java.lang=ALL-UNNAMED --add-opens=java.base/sun.nio.fs=ALL-UNNAMED -Declipse.application=org.eclipse.jdt.ls.core.id1 -Dosgi.bundles.defaultStartLevel=4 -Declipse.product=org.eclipse.jdt.ls.core.product -Djava.import.generatesMetadataFilesAtProjectRoot=false -DDetectVMInstallationsJob.disabled=true -Dfile.encoding=utf8 -XX:+UseParallelGC -XX:GCTimeRatio=4 -XX:AdaptiveSizePolicyWeight=90 -Dsun.zip.disableMemoryMapping=true -Xmx2G -Xms100m -Xlog:disable -javaagent:c:\Users\chair\.vscode\extensions\redhat.java-1.46.0-win32-x64\lombok\lombok-1.18.39-4050.jar -XX:+HeapDumpOnOutOfMemoryError -XX:HeapDumpPath=c:\Users\chair\AppData\Roaming\Code\User\workspaceStorage\354df7fe16d366fd8c8546e22be7ee90\redhat.java -Daether.dependencyCollector.impl=bf 
java_command: c:\Users\chair\.vscode\extensions\redhat.java-1.46.0-win32-x64\server\plugins\org.eclipse.equinox.launcher_1.7.0.v20250519-0528.jar -configuration c:\Users\chair\AppData\Roaming\Code\User\globalStorage\redhat.java\1.46.0\config_win -data c:\Users\chair\AppData\Roaming\Code\User\workspaceStorage\354df7fe16d366fd8c8546e22be7ee90\redhat.java\jdt_ws --pipe=\\.\pipe\lsp-ac8157e7ca8c5224cb4c5a4f9deb87c3-sock
java_class_path (initial): c:\Users\chair\.vscode\extensions\redhat.java-1.46.0-win32-x64\server\plugins\org.eclipse.equinox.launcher_1.7.0.v20250519-0528.jar
Launcher Type: SUN_STANDARD

[Global flags]
    uintx AdaptiveSizePolicyWeight                 = 90                                        {product} {command line}
     intx CICompilerCount                          = 4                                         {product} {ergonomic}
    uintx GCTimeRatio                              = 4                                         {product} {command line}
     bool HeapDumpOnOutOfMemoryError               = true                                   {manageable} {command line}
    ccstr HeapDumpPath                             = c:\Users\chair\AppData\Roaming\Code\User\workspaceStorage\354df7fe16d366fd8c8546e22be7ee90\redhat.java         {manageable} {command line}
   size_t InitialHeapSize                          = 104857600                                 {product} {command line}
   size_t MaxHeapSize                              = 2147483648                                {product} {command line}
   size_t MaxNewSize                               = 715653120                                 {product} {ergonomic}
   size_t MinHeapDeltaBytes                        = 524288                                    {product} {ergonomic}
   size_t MinHeapSize                              = 104857600                                 {product} {command line}
   size_t NewSize                                  = 34603008                                  {product} {ergonomic}
    uintx NonNMethodCodeHeapSize                   = 5839372                                {pd product} {ergonomic}
    uintx NonProfiledCodeHeapSize                  = 122909434                              {pd product} {ergonomic}
   size_t OldSize                                  = 70254592                                  {product} {ergonomic}
    uintx ProfiledCodeHeapSize                     = 122909434                              {pd product} {ergonomic}
    uintx ReservedCodeCacheSize                    = 251658240                              {pd product} {ergonomic}
     bool SegmentedCodeCache                       = true                                      {product} {ergonomic}
   size_t SoftMaxHeapSize                          = 2147483648                             {manageable} {ergonomic}
     bool UseCompressedOops                        = true                           {product lp64_product} {ergonomic}
     bool UseLargePagesIndividualAllocation        = false                                  {pd product} {ergonomic}
     bool UseParallelGC                            = true                                      {product} {command line}

Logging:
Log output configuration:
 #0: stdout all=off uptime,level,tags foldmultilines=false
 #1: stderr all=off uptime,level,tags foldmultilines=false

Environment Variables:
JAVA_HOME=C:\Program Files\Java\jdk-17
PATH=C:\Program Files\Common Files\Oracle\Java\javapath;C:\Program Files (x86)\Common Files\Oracle\Java\javapath;C:\WINDOWS\system32;C:\WINDOWS;C:\WINDOWS\System32\Wbem;C:\WINDOWS\System32\WindowsPowerShell\v1.0\;C:\WINDOWS\System32\OpenSSH\;C:\Program Files\Java\jdk-17\bin;C:\Program Files\Git\cmd;C:\Users\chair\AppData\Local\Android\Sdk\platform-tools;C:\Users\chair\AppData\Local\Android\Sdk\tools;C:\Users\chair\AppData\Local\Android\Sdk\tools\bin;C:\Users\chair\AppData\Local\Android\Sdk\emulator;C:\Users\chair\AppData\Local\Android\Sdk\allure\bin;C:\Program Files\nodejs\;C:\Users\chair\AppData\Local\Android\Sdk\tools\bin;C:\Users\chair\AppData\Local\Android\Sdk\tools;C:\Users\chair\AppData\Local\Android\Sdk\platform-tools;C:\Program Files\nodejs\node_modules\npm\bin;C:\Program Files (x86)\Microsoft SQL Server\160\DTS\Binn\;C:\apache-maven-3.9.11-bin\apache-maven-3.9.11\bin;C:\Users\chair\AppData\Local\Microsoft\WindowsApps;C:\Program Files\JetBrains\IntelliJ IDEA 2023.2.3\bin;;C:\Users\chair\AppData\Local\Android\Sdk\platform-tools;C:\Users\chair\AppData\Local\Android\Sdk\tools;C:\Users\chair\AppData\Local\Android\Sdk\tools\bin;C:\Users\chair\AppData\Local\Android\Sdk\emulator;C:\Users\chair\AppData\Local\Android\Sdk\allure\bin;C:\Users\chair\AppData\Roaming\npm;C:\Users\chair\AppData\Local\Programs\Microsoft VS Code\bin;C:\dcmtk-3.6.9-win64-dynamic;
USERNAME=chair
OS=Windows_NT
PROCESSOR_IDENTIFIER=AMD64 Family 23 Model 104 Stepping 1, AuthenticAMD
TMP=C:\Users\chair\AppData\Local\Temp
TEMP=C:\Users\chair\AppData\Local\Temp




Periodic native trim disabled

---------------  S Y S T E M  ---------------

OS:
 Windows 11 , 64 bit Build 26100 (10.0.26100.5074)
OS uptime: 4 days 6:35 hours

CPU: total 8 (initial active 8) (8 cores per cpu, 2 threads per core) family 23 model 104 stepping 1 microcode 0x8608103, cx8, cmov, fxsr, ht, mmx, 3dnowpref, sse, sse2, sse3, ssse3, sse4a, sse4.1, sse4.2, popcnt, lzcnt, tsc, tscinvbit, avx, avx2, aes, clmul, bmi1, bmi2, adx, sha, fma, vzeroupper, clflush, clflushopt, rdtscp, rdpid, f16c
Processor Information for processor 0
  Max Mhz: 2600, Current Mhz: 2080, Mhz Limit: 2600
Processor Information for processor 1
  Max Mhz: 2600, Current Mhz: 2600, Mhz Limit: 2600
Processor Information for processor 2
  Max Mhz: 2600, Current Mhz: 2600, Mhz Limit: 2600
Processor Information for processor 3
  Max Mhz: 2600, Current Mhz: 2600, Mhz Limit: 2600
Processor Information for processor 4
  Max Mhz: 2600, Current Mhz: 2600, Mhz Limit: 2600
Processor Information for processor 5
  Max Mhz: 2600, Current Mhz: 2080, Mhz Limit: 2600
Processor Information for processor 6
  Max Mhz: 2600, Current Mhz: 2600, Mhz Limit: 2600
Processor Information for processor 7
  Max Mhz: 2600, Current Mhz: 2600, Mhz Limit: 2600

Memory: 4k page, system-wide physical 6005M (431M free)
TotalPageFile size 24437M (AvailPageFile size 0M)
current process WorkingSet (physical memory assigned to process): 449M, peak: 710M
current process commit charge ("private bytes"): 1518M, peak: 1750M

vm_info: OpenJDK 64-Bit Server VM (21.0.8+9-LTS) for windows-amd64 JRE (21.0.8+9-LTS), built on 2025-07-15T00:00:00Z by "admin" with MS VC++ 17.7 (VS2022)

END.
